<?xml version="1.0" encoding="UTF-8"?>
<!-- Generated by org.testng.reporters.JUnitReportReporter -->
<testsuite hostname="DESKTOP-IP564CF" failures="0" tests="4" name="TestNg.Groups" time="0.001" errors="0" timestamp="2022-08-15T17:23:58 IST" skipped="4">
  <testcase classname="TestNg.Groups" name="ThirdTest" time="0.000">
    <skipped/>
  </testcase> <!-- ThirdTest -->
  <system-out/>
  <testcase classname="TestNg.Groups" name="FirstTest" time="0.001">
    <skipped/>
  </testcase> <!-- FirstTest -->
  <system-out/>
  <testcase classname="TestNg.Groups" name="SecondTest" time="0.000">
    <skipped/>
  </testcase> <!-- SecondTest -->
  <system-out/>
  <testcase classname="TestNg.Groups" name="fourTest" time="0.000">
    <skipped/>
  </testcase> <!-- fourTest -->
  <system-out/>
</testsuite> <!-- TestNg.Groups -->
