<?xml version="1.0" encoding="UTF-8"?>
<!-- Generated by org.testng.reporters.JUnitReportReporter -->
<testsuite hostname="DESKTOP-IP564CF" failures="0" tests="2" name="TestNg.ScrenShotListener" time="47.902" errors="0" timestamp="2022-07-07T16:49:30 IST" skipped="0">
  <testcase classname="TestNg.ScrenShotListener" name="SecondTest" time="47.840"/>
  <system-out/>
  <testcase classname="TestNg.ScrenShotListener" name="FirstTest" time="0.062"/>
  <system-out/>
</testsuite> <!-- TestNg.ScrenShotListener -->
