<?xml version="1.0" encoding="UTF-8"?>
<!-- Generated by org.testng.reporters.JUnitReportReporter -->
<testsuite hostname="DESKTOP-IP564CF" failures="0" tests="2" name="TestNg.ScrenShotProgram" time="2.157" errors="0" timestamp="2022-07-08T23:11:22 IST" skipped="0">
  <testcase classname="TestNg.ScrenShotProgram" name="fourTest" time="0.940"/>
  <system-out/>
  <testcase classname="TestNg.ScrenShotProgram" name="ThirdTest" time="1.217"/>
  <system-out/>
</testsuite> <!-- TestNg.ScrenShotProgram -->
