<?xml version="1.0" encoding="UTF-8"?>
<!-- Generated by org.testng.reporters.JUnitReportReporter -->
<testsuite hostname="DESKTOP-IP564CF" failures="0" tests="1" name="pom.LoginTest" time="0.590" errors="0" timestamp="2022-07-11T23:50:01 IST" skipped="0">
  <testcase classname="pom.LoginTest" name="LoginCred" time="0.590"/>
  <system-out/>
</testsuite> <!-- pom.LoginTest -->
