<?xml version="1.0" encoding="UTF-8"?>
<!-- Generated by org.testng.reporters.JUnitReportReporter -->
<testsuite hostname="DESKTOP-IP564CF" failures="0" tests="1" name="TestNg.ScrenShotTest" time="0.015" errors="0" timestamp="2022-07-10T18:33:12 IST" skipped="0">
  <testcase classname="TestNg.ScrenShotTest" name="FirstTest" time="0.015"/>
  <system-out/>
</testsuite> <!-- TestNg.ScrenShotTest -->
