<?xml version="1.0" encoding="UTF-8"?>
<!-- Generated by org.testng.reporters.JUnitReportReporter -->
<testsuite hostname="DESKTOP-IP564CF" failures="0" tests="3" name="MethodTestNg.NewTest" time="0.023" errors="0" timestamp="2022-07-01T19:30:52 IST" skipped="0">
  <testcase classname="MethodTestNg.NewTest" name="First2" time="0.018"/>
  <system-out/>
  <testcase classname="MethodTestNg.NewTest" name="First1" time="0.003"/>
  <system-out/>
  <testcase classname="MethodTestNg.NewTest" name="First" time="0.002"/>
  <system-out/>
</testsuite> <!-- MethodTestNg.NewTest -->
