<?xml version="1.0" encoding="UTF-8"?>
<!-- Generated by org.testng.reporters.JUnitReportReporter -->
<testsuite hostname="DESKTOP-IP564CF" failures="0" tests="2" name="TestNg.ListenersProgram" time="0.000" errors="0" timestamp="2022-08-15T17:23:58 IST" skipped="2">
  <testcase classname="TestNg.ListenersProgram" name="VerifyTheTitle" time="0.000">
    <skipped/>
  </testcase> <!-- VerifyTheTitle -->
  <system-out/>
  <testcase classname="TestNg.ListenersProgram" name="VerifyUrl" time="0.000">
    <skipped/>
  </testcase> <!-- VerifyUrl -->
  <system-out/>
</testsuite> <!-- TestNg.ListenersProgram -->
