<?xml version="1.0" encoding="UTF-8"?>
<!-- Generated by org.testng.reporters.JUnitReportReporter -->
<testsuite hostname="DESKTOP-IP564CF" failures="0" tests="1" name="TestNg.NewTest" time="0.000" errors="0" timestamp="2022-08-15T17:23:58 IST" skipped="1">
  <testcase classname="TestNg.NewTest" name="first" time="0.000">
    <skipped/>
  </testcase> <!-- first -->
  <system-out/>
</testsuite> <!-- TestNg.NewTest -->
