<?xml version="1.0" encoding="UTF-8"?>
<!-- Generated by org.testng.reporters.JUnitReportReporter -->
<testsuite hostname="DESKTOP-IP564CF" failures="0" tests="3" name="TestNg.FirstTestNg" time="0.000" errors="0" timestamp="2022-08-15T17:23:58 IST" skipped="3">
  <testcase classname="TestNg.FirstTestNg" name="Login" time="0.000">
    <skipped/>
  </testcase> <!-- Login -->
  <system-out/>
  <testcase classname="TestNg.FirstTestNg" name="HomePage" time="0.000">
    <skipped/>
  </testcase> <!-- HomePage -->
  <system-out/>
  <testcase classname="TestNg.FirstTestNg" name="Recharge" time="0.000">
    <skipped/>
  </testcase> <!-- Recharge -->
  <system-out/>
</testsuite> <!-- TestNg.FirstTestNg -->
