<?xml version="1.0" encoding="UTF-8"?>
<!-- Generated by org.testng.reporters.JUnitReportReporter -->
<testsuite hostname="DESKTOP-IP564CF" failures="0" tests="3" name="TestNg.ListenersAssertion" time="0.000" errors="0" timestamp="2022-08-15T17:23:58 IST" skipped="3">
  <testcase classname="TestNg.ListenersAssertion" name="testcase3" time="0.000">
    <skipped/>
  </testcase> <!-- testcase3 -->
  <system-out/>
  <testcase classname="TestNg.ListenersAssertion" name="TestCase2" time="0.000">
    <skipped/>
  </testcase> <!-- TestCase2 -->
  <system-out/>
  <testcase classname="TestNg.ListenersAssertion" name="Testcase1" time="0.000">
    <skipped/>
  </testcase> <!-- Testcase1 -->
  <system-out/>
</testsuite> <!-- TestNg.ListenersAssertion -->
