<?xml version="1.0" encoding="UTF-8"?>
<!-- Generated by org.testng.reporters.JUnitReportReporter -->
<testsuite hostname="DESKTOP-IP564CF" failures="0" tests="1" name="TestNg.screnshotpo" time="0.012" errors="0" timestamp="2022-07-09T00:38:58 IST" skipped="0">
  <testcase classname="TestNg.screnshotpo" name="f" time="0.012"/>
  <system-out/>
</testsuite> <!-- TestNg.screnshotpo -->
