<?xml version="1.0" encoding="UTF-8"?>
<!-- Generated by org.testng.reporters.JUnitReportReporter -->
<testsuite hostname="DESKTOP-IP564CF" failures="0" tests="3" name="TestNg.ScrenShot_TestFirst_Program" time="0.000" errors="0" timestamp="2022-08-15T17:23:58 IST" skipped="3">
  <testcase classname="TestNg.ScrenShot_TestFirst_Program" name="T3" time="0.000">
    <skipped/>
  </testcase> <!-- T3 -->
  <system-out/>
  <testcase classname="TestNg.ScrenShot_TestFirst_Program" name="SecondTest" time="0.000">
    <skipped/>
  </testcase> <!-- SecondTest -->
  <system-out/>
  <testcase classname="TestNg.ScrenShot_TestFirst_Program" name="FirstTest" time="0.000">
    <skipped/>
  </testcase> <!-- FirstTest -->
  <system-out/>
</testsuite> <!-- TestNg.ScrenShot_TestFirst_Program -->
