<?xml version="1.0" encoding="UTF-8"?>
<!-- Generated by org.testng.reporters.JUnitReportReporter -->
<testsuite hostname="DESKTOP-IP564CF" failures="0" tests="2" name="TestNg.Parameters" time="0.000" errors="0" timestamp="2022-08-15T17:23:58 IST" skipped="2">
  <testcase classname="TestNg.Parameters" name="Loginfacebook" time="0.000">
    <skipped/>
  </testcase> <!-- Loginfacebook -->
  <system-out/>
  <testcase classname="TestNg.Parameters" name="Loginfacebook" time="0.000">
    <skipped/>
  </testcase> <!-- Loginfacebook -->
  <system-out/>
</testsuite> <!-- TestNg.Parameters -->
